HEAD is now at 21d8011d [PA] Make PartitionAllocExternalMetadata 100%-enabled on canary.
WARNING at the command-line "--args":1:249: Build argument has no effect.
is_debug=true use_partition_alloc_as_malloc=true use_allocator_shim=true shim_supports_sized_dealloc=true enable_backup_ref_ptr_support=true enable_backup_ref_ptr_slow_checks=true enable_dangling_raw_ptr_checks=true enable_ios_corruption_hardening=true raw_ptr_zero_on_construct=true raw_ptr_zero_on_move=true raw_ptr_zero_on_destruct=true
                                                                                                                                                                                                                                                        ^---
The variable "enable_ios_corruption_hardening" was set as a build argument
but never appeared in a declare_args() block in any buildfile.

To view all possible args, run "gn args --list <out_dir>"

The build continued as if that argument was unspecified.

Done. Made 15 targets from 8 files in 4ms
ninja: Entering directory `out/debug'
[1/78] ACTION //src/partition_alloc:buildflags(//gn/toolchain:clang)
[2/78] CXX ../../src/partition_alloc/partition_alloc_base/check.cc
[3/78] CXX ../../src/partition_alloc/partition_alloc_base/debug/alias.cc
[4/78] CXX ../../src/partition_alloc/partition_alloc_base/logging.cc
[5/78] CXX ../../src/partition_alloc/partition_alloc_base/rand_util.cc
[6/78] CXX ../../src/partition_alloc/partition_alloc_base/log_message.cc
[7/78] CXX ../../src/partition_alloc/partition_alloc_base/strings/string_util.cc
[8/78] CXX ../../src/partition_alloc/partition_alloc_base/strings/cstring_builder.cc
[9/78] CXX ../../src/partition_alloc/partition_alloc_base/cpu.cc
[10/78] CXX ../../src/partition_alloc/partition_alloc_base/memory/ref_counted.cc
[11/78] CXX ../../src/partition_alloc/partition_alloc_base/strings/safe_sprintf.cc
[12/78] CXX ../../src/partition_alloc/partition_alloc_base/debug/stack_trace.cc
[13/78] CXX ../../src/partition_alloc/partition_alloc_base/files/file_util_posix.cc
[14/78] CXX ../../src/partition_alloc/partition_alloc_base/debug/stack_trace_posix.cc
[15/78] CXX ../../src/partition_alloc/partition_alloc_base/memory/page_size_posix.cc
[16/78] CXX ../../src/partition_alloc/partition_alloc_base/strings/stringprintf.cc
[17/78] CXX ../../src/partition_alloc/partition_alloc_base/process/process_handle_posix.cc
[18/78] CXX ../../src/partition_alloc/partition_alloc_base/posix/safe_strerror.cc
[19/78] CXX ../../src/partition_alloc/partition_alloc_base/time/time_override.cc
[20/78] CXX ../../src/partition_alloc/partition_alloc_base/threading/platform_thread.cc
[21/78] CXX ../../src/partition_alloc/partition_alloc_base/debug/stack_trace_linux.cc
[22/78] CXX ../../src/partition_alloc/partition_alloc_base/rand_util_posix.cc
[23/78] CXX ../../src/partition_alloc/partition_alloc_base/time/time.cc
[24/78] CXX ../../src/partition_alloc/address_space_randomization.cc
[25/78] CXX ../../src/partition_alloc/allocation_guard.cc
FAILED: [code=1] obj/src/partition_alloc/liballocator_core.allocation_guard.o 
clang++ -MD -MF obj/src/partition_alloc/liballocator_core.allocation_guard.o.d -DIS_PARTITION_ALLOC_IMPL -I../../src -Igen/src -Wno-return-type -Wno-invalid-offsetof -fstrict-aliasing -fPIC -fvisibility=hidden -Wexit-time-destructors -fno-stack-protector -std=c++17 -fvisibility-inlines-hidden -fno-exceptions -fno-rtti -c ../../src/partition_alloc/allocation_guard.cc -o obj/src/partition_alloc/liballocator_core.allocation_guard.o
In file included from ../../src/partition_alloc/allocation_guard.cc:10:
In file included from ../../src/partition_alloc/allocation_guard.h:15:
../../src/partition_alloc/partition_alloc_config.h:268:15: error: static assertion failed due to requirement '201703L >= 202002L': PartitionAlloc targets C++20 or higher.
  268 | static_assert(__cplusplus >= 202002L,
      |               ^~~~~~~~~~~~~~~~~~~~~~
<built-in>:439:21: note: expanded from macro '__cplusplus'
  439 | #define __cplusplus 201703L
      |                     ^
1 error generated.
[26/78] CXX ../../src/partition_alloc/partition_alloc_base/time/time_conversion_posix.cc
[27/78] CXX ../../src/partition_alloc/partition_alloc_base/threading/platform_thread_posix.cc
[28/78] CXX ../../src/partition_alloc/partition_alloc_base/time/time_now_posix.cc
[29/78] CXX ../../src/partition_alloc/address_pool_manager.cc
FAILED: [code=1] obj/src/partition_alloc/liballocator_core.address_pool_manager.o 
clang++ -MD -MF obj/src/partition_alloc/liballocator_core.address_pool_manager.o.d -DIS_PARTITION_ALLOC_IMPL -I../../src -Igen/src -Wno-return-type -Wno-invalid-offsetof -fstrict-aliasing -fPIC -fvisibility=hidden -Wexit-time-destructors -fno-stack-protector -std=c++17 -fvisibility-inlines-hidden -fno-exceptions -fno-rtti -c ../../src/partition_alloc/address_pool_manager.cc -o obj/src/partition_alloc/liballocator_core.address_pool_manager.o
In file included from ../../src/partition_alloc/address_pool_manager.cc:10:
In file included from ../../src/partition_alloc/address_pool_manager.h:19:
In file included from ../../src/partition_alloc/partition_address_space.h:25:
../../src/partition_alloc/partition_alloc_config.h:268:15: error: static assertion failed due to requirement '201703L >= 202002L': PartitionAlloc targets C++20 or higher.
  268 | static_assert(__cplusplus >= 202002L,
      |               ^~~~~~~~~~~~~~~~~~~~~~
<built-in>:439:21: note: expanded from macro '__cplusplus'
  439 | #define __cplusplus 201703L
      |                     ^
1 error generated.
[30/78] CXX ../../src/partition_alloc/address_pool_manager_bitmap.cc
FAILED: [code=1] obj/src/partition_alloc/liballocator_core.address_pool_manager_bitmap.o 
clang++ -MD -MF obj/src/partition_alloc/liballocator_core.address_pool_manager_bitmap.o.d -DIS_PARTITION_ALLOC_IMPL -I../../src -Igen/src -Wno-return-type -Wno-invalid-offsetof -fstrict-aliasing -fPIC -fvisibility=hidden -Wexit-time-destructors -fno-stack-protector -std=c++17 -fvisibility-inlines-hidden -fno-exceptions -fno-rtti -c ../../src/partition_alloc/address_pool_manager_bitmap.cc -o obj/src/partition_alloc/liballocator_core.address_pool_manager_bitmap.o
In file included from ../../src/partition_alloc/address_pool_manager_bitmap.cc:10:
In file included from ../../src/partition_alloc/address_pool_manager_bitmap.h:23:
In file included from ../../src/partition_alloc/partition_alloc_constants.h:19:
In file included from ../../src/partition_alloc/bucket_lookup.h:23:
In file included from ../../src/partition_alloc/partition_alloc_forward.h:23:
../../src/partition_alloc/partition_alloc_config.h:268:15: error: static assertion failed due to requirement '201703L >= 202002L': PartitionAlloc targets C++20 or higher.
  268 | static_assert(__cplusplus >= 202002L,
      |               ^~~~~~~~~~~~~~~~~~~~~~
<built-in>:439:21: note: expanded from macro '__cplusplus'
  439 | #define __cplusplus 201703L
      |                     ^
1 error generated.
ninja: build stopped: subcommand failed.
